\BOOKMARK [1][-]{section*.1}{\376\377\000\315\000n\000d\000i\000c\000e}{}% 1
\BOOKMARK [0][-]{section*.1}{\376\377\000I\000n\000t\000r\000o\000d\000u\000c\000c\000i\000\363\000n}{}% 2
\BOOKMARK [0][-]{section*.1}{\376\377\000D\000e\000s\000a\000r\000r\000o\000l\000l\000o}{}% 3
\BOOKMARK [1][-]{section.1}{\376\377\000M\000o\000d\000e\000l\000a\000d\000o\000,\000\040\000A\000n\000\341\000l\000i\000s\000i\000s\000\040\000y\000\040\000S\000i\000m\000u\000l\000a\000c\000i\000\363\000n\000\040\000d\000i\000n\000\341\000m\000i\000c\000a\000\040\000d\000e\000l\000\040\000S\000I\000S\000T\000E\000M\000A\000\040\000F\000\315\000S\000I\000C\000O\000\040\000a\000\040\000L\000a\000z\000o\000\040\000A\000b\000i\000e\000r\000t\000o}{section*.1}% 4
\BOOKMARK [2][-]{subsection.1.1}{\376\377\000M\000o\000d\000e\000l\000o\000\040\000m\000a\000t\000e\000m\000\341\000t\000i\000c\000o\000\040\000e\000q\000u\000i\000v\000a\000l\000e\000n\000t\000e\000\040\000d\000e\000l\000\040\000s\000u\000b\000s\000i\000s\000t\000e\000m\000a\000\040\000m\000e\000c\000\341\000n\000i\000c\000o\000\040\000c\000o\000m\000p\000l\000e\000t\000o}{section.1}% 5
\BOOKMARK [2][-]{subsection.1.2}{\376\377\000M\000o\000d\000e\000l\000o\000\040\000d\000i\000n\000\341\000m\000i\000c\000o\000\040\000d\000e\000l\000\040\000s\000i\000s\000t\000e\000m\000a\000\040\000f\000\355\000s\000i\000c\000o\000\040\000c\000o\000m\000p\000l\000e\000t\000o}{section.1}% 6
\BOOKMARK [3][-]{subsubsection.1.2.1}{\376\377\000M\000o\000d\000e\000l\000o\000\040\000g\000l\000o\000b\000a\000l\000\040\000n\000o\000\040\000l\000i\000n\000e\000a\000l\000\040\000\050\000N\000L\000\051}{subsection.1.2}% 7
\BOOKMARK [3][-]{subsubsection.1.2.2}{\376\377\000M\000o\000d\000e\000l\000o\000\040\000g\000l\000o\000b\000a\000l\000\040\000l\000i\000n\000e\000a\000l\000i\000z\000a\000d\000o\000\040\000c\000o\000n\000\040\000p\000a\000r\000\341\000m\000e\000t\000r\000o\000s\000\040\000v\000a\000r\000i\000a\000b\000l\000e\000s\000\040\000\050\000L\000P\000V\000\051}{subsection.1.2}% 8
\BOOKMARK [3][-]{subsubsection.1.2.3}{\376\377\000L\000i\000n\000e\000a\000l\000i\000z\000a\000c\000i\000\363\000n\000\040\000p\000o\000r\000\040\000R\000e\000a\000l\000i\000m\000e\000n\000t\000a\000c\000i\000\363\000n\000\040\000N\000L}{subsection.1.2}% 9
\BOOKMARK [3][-]{subsubsection.1.2.4}{\376\377\000C\000o\000m\000p\000a\000r\000a\000c\000i\000\363\000n\000\040\000m\000o\000d\000e\000l\000o\000\040\000d\000i\000n\000\341\000m\000i\000c\000o\000\040\000L\000T\000I\000\040\000e\000q\000u\000i\000v\000a\000l\000e\000n\000t\000e\000\040\000a\000u\000m\000e\000n\000t\000a\000d\000o\000\040\000v\000s\000\040\000m\000o\000d\000e\000l\000o\000\040\000d\000i\000n\000\341\000m\000i\000c\000o\000\040\000g\000l\000o\000b\000a\000l\000\040\000L\000P\000V}{subsection.1.2}% 10
\BOOKMARK [3][-]{subsubsection.1.2.5}{\376\377\000F\000u\000n\000c\000i\000o\000n\000e\000s\000\040\000d\000e\000\040\000t\000r\000a\000n\000s\000f\000e\000r\000e\000n\000c\000i\000a\000\040\000p\000a\000r\000a\000\040\000e\000l\000\040\000m\000o\000d\000e\000l\000o\000\040\000L\000T\000I}{subsection.1.2}% 11
\BOOKMARK [2][-]{subsection.1.3}{\376\377\000A\000n\000\341\000l\000i\000s\000i\000s\000\040\000d\000e\000\040\000E\000s\000t\000a\000b\000i\000l\000i\000d\000a\000d}{section.1}% 12
\BOOKMARK [2][-]{subsection.1.4}{\376\377\000A\000n\000\341\000l\000i\000s\000i\000s\000\040\000d\000e\000\040\000O\000b\000s\000e\000r\000v\000a\000b\000i\000l\000i\000d\000a\000d}{section.1}% 13
\BOOKMARK [2][-]{subsection.1.5}{\376\377\000A\000n\000\341\000l\000i\000s\000i\000s\000\040\000d\000e\000\040\000C\000o\000n\000t\000r\000o\000l\000a\000b\000i\000l\000i\000d\000a\000d}{section.1}% 14
\BOOKMARK [2][-]{subsection.1.6}{\376\377\000S\000i\000m\000u\000l\000a\000c\000i\000\363\000n\000\040\000D\000i\000n\000\341\000m\000i\000c\000a}{section.1}% 15
\BOOKMARK [1][-]{section.2}{\376\377\000D\000i\000s\000e\000\361\000o\000,\000\040\000a\000n\000\341\000l\000i\000s\000i\000s\000\040\000y\000\040\000s\000i\000m\000u\000l\000a\000c\000i\000\363\000n\000\040\000c\000o\000n\000\040\000c\000o\000n\000t\000r\000o\000l\000a\000d\000o\000r\000\040\000d\000e\000\040\000m\000o\000v\000i\000m\000i\000e\000n\000t\000o\000\040\000e\000n\000\040\000c\000a\000s\000c\000a\000d\000a\000\040\000c\000o\000n\000\040\000m\000o\000d\000u\000l\000a\000d\000o\000r\000\040\000d\000e\000\040\000t\000o\000r\000q\000u\000e\000\040\000e\000q\000u\000i\000v\000a\000l\000e\000n\000t\000e\000\040\000\050\000C\000o\000n\000t\000r\000o\000l\000\040\000V\000e\000c\000t\000o\000r\000i\000a\000l\000\051}{section*.1}% 16
\BOOKMARK [2][-]{subsection.2.1}{\376\377\000M\000o\000d\000u\000l\000a\000d\000o\000r\000\040\000d\000e\000\040\000t\000o\000r\000q\000u\000e\000\040\000e\000q\000u\000i\000v\000a\000l\000e\000n\000t\000e\000\040\000\050\000C\000o\000n\000t\000r\000o\000l\000a\000d\000o\000r\000\040\000i\000n\000t\000e\000r\000n\000o\000\040\000v\000e\000c\000t\000o\000r\000i\000a\000l\000\040\000d\000e\000\040\000c\000o\000r\000r\000i\000e\000n\000t\000e\000/\000t\000o\000r\000q\000u\000e\000\051}{section.2}% 17
\BOOKMARK [3][-]{subsubsection.2.1.1}{\376\377\000D\000e\000s\000a\000c\000o\000p\000l\000e\000\040\000d\000e\000\040\000l\000a\000s\000\040\000r\000e\000a\000l\000i\000m\000e\000n\000t\000a\000c\000i\000o\000n\000e\000s\000\040\000d\000e\000\040\000e\000s\000t\000a\000d\000o\000\040\000h\000a\000c\000i\000a\000\040\000l\000a\000\040\000e\000n\000t\000r\000a\000d\000a}{subsection.2.1}% 18
\BOOKMARK [3][-]{subsubsection.2.1.2}{\376\377\000D\000i\000s\000e\000\361\000o\000\040\000d\000e\000\040\000l\000a\000z\000o\000s\000\040\000d\000e\000\040\000c\000o\000n\000t\000r\000o\000l\000\040\000d\000e\000\040\000c\000o\000r\000r\000i\000e\000n\000t\000e\000s}{subsection.2.1}% 19
\BOOKMARK [3][-]{subsubsection.2.1.3}{\376\377\000I\000n\000c\000o\000r\000p\000o\000r\000a\000c\000i\000\363\000n\000\040\000d\000e\000\040\000c\000o\000n\000s\000i\000g\000n\000a\000\040\000d\000e\000\040\000t\000o\000r\000q\000u\000e}{subsection.2.1}% 20
\BOOKMARK [2][-]{subsection.2.2}{\376\377\000C\000o\000n\000t\000r\000o\000l\000a\000d\000o\000r\000\040\000e\000x\000t\000e\000r\000n\000o\000\040\000d\000e\000\040\000m\000o\000v\000i\000m\000i\000e\000n\000t\000o\000\040\000\050\000p\000o\000s\000i\000c\000i\000\363\000n\000/\000v\000e\000l\000o\000c\000i\000d\000a\000d\000\051}{section.2}% 21
\BOOKMARK [3][-]{subsubsection.2.2.1}{\376\377\000E\000n\000t\000r\000a\000d\000a\000\040\000d\000e\000\040\000r\000e\000f\000e\000r\000e\000n\000c\000i\000a\000\040\000o\000\040\000s\000e\000t\000-\000p\000o\000i\000n\000t}{subsection.2.2}% 22
\BOOKMARK [2][-]{subsection.2.3}{\376\377\000O\000b\000s\000e\000r\000v\000a\000d\000o\000r\000\040\000d\000e\000\040\000E\000s\000t\000a\000d\000o\000\040\000d\000e\000\040\000o\000r\000d\000e\000n\000\040\000r\000e\000d\000u\000c\000i\000d\000o}{section.2}% 23
\BOOKMARK [2][-]{subsection.2.4}{\376\377\000S\000i\000m\000u\000l\000a\000c\000i\000\363\000n\000\040\000e\000n\000\040\000t\000i\000e\000m\000p\000o\000\040\000c\000o\000n\000t\000i\000n\000u\000o\000\040\000c\000o\000n\000\040\000m\000o\000d\000e\000l\000o\000\040\000c\000o\000m\000p\000l\000e\000t\000o\000\040\000N\000L}{section.2}% 24
\BOOKMARK [3][-]{subsubsection.2.4.1}{\376\377\000S\000e\000g\000u\000i\000m\000i\000e\000n\000t\000o\000\040\000d\000e\000\040\000c\000o\000n\000s\000i\000g\000n\000a\000s\000\040\000d\000e\000\040\000m\000o\000v\000i\000m\000i\000e\000n\000t\000o}{subsection.2.4}% 25
\BOOKMARK [3][-]{subsubsection.2.4.2}{\376\377\000R\000e\000c\000h\000a\000z\000o\000\040\000a\000\040\000p\000e\000r\000t\000u\000r\000b\000a\000c\000i\000o\000n\000e\000s}{subsection.2.4}% 26
\BOOKMARK [2][-]{subsection.2.5}{\376\377\000V\000e\000r\000i\000f\000i\000c\000a\000c\000i\000\363\000n\000\040\000d\000e\000\040\000d\000e\000s\000e\000m\000p\000e\000\361\000o\000\040\000y\000/\000o\000\040\000m\000e\000j\000o\000r\000a\000s}{section.2}% 27
\BOOKMARK [3][-]{subsubsection.2.5.1}{\376\377\000E\000s\000p\000e\000c\000i\000f\000i\000c\000a\000c\000i\000o\000n\000e\000s\000\040\000d\000e\000\040\000o\000p\000e\000r\000a\000c\000i\000\363\000n\000\040\000\050\000v\000a\000l\000o\000r\000e\000s\000\040\000l\000\355\000m\000i\000t\000e\000s\000\051}{subsection.2.5}% 28
\BOOKMARK [3][-]{subsubsection.2.5.2}{\376\377\000O\000b\000s\000e\000r\000v\000a\000d\000o\000r}{subsection.2.5}% 29
\BOOKMARK [3][-]{subsubsection.2.5.3}{\376\377\000C\000o\000m\000p\000o\000r\000t\000a\000m\000i\000e\000n\000t\000o\000\040\000t\000\351\000r\000m\000i\000c\000o\000\040\000d\000e\000l\000\040\000m\000o\000t\000o\000r}{subsection.2.5}% 30
\BOOKMARK [3][-]{subsubsection.2.5.4}{\376\377\000D\000e\000s\000e\000m\000p\000e\000\361\000o\000\040\000d\000e\000l\000\040\000s\000i\000s\000t\000e\000m\000a\000\040\000a\000n\000t\000e\000\040\000u\000n\000a\000\040\000r\000e\000s\000p\000u\000e\000s\000t\000a\000\040\000n\000o\000\040\000i\000d\000e\000a\000l\000\040\000d\000e\000\040\000l\000o\000s\000\040\000s\000e\000n\000s\000o\000r\000e\000s}{subsection.2.5}% 31
\BOOKMARK [3][-]{subsubsection.2.5.5}{\376\377\000M\000o\000d\000u\000l\000a\000d\000o\000r\000e\000\040\000t\000r\000i\000f\000\341\000s\000i\000c\000o\000\040\000d\000e\000\040\000t\000e\000n\000s\000i\000\363\000n\000\040\000n\000o\000\040\000i\000d\000e\000a\000l}{subsection.2.5}% 32
\BOOKMARK [2][-]{subsection.2.6}{\376\377\000V\000e\000r\000s\000i\000o\000n\000\040\000F\000i\000n\000a\000l}{section.2}% 33
\BOOKMARK [0][-]{subsection.2.6}{\376\377\000C\000o\000n\000c\000l\000u\000s\000i\000o\000n\000e\000s}{}% 34
\BOOKMARK [0][-]{subsection.2.6}{\376\377\000R\000e\000f\000e\000r\000e\000n\000c\000i\000a\000s}{}% 35
